0 info it worked if it ends with ok
1 verbose cli [ 'C:\\Program Files\\nodejs\\node.exe',
1 verbose cli   'C:\\Users\\surya\\AppData\\Roaming\\npm\\node_modules\\npm\\bin\\npm-cli.js',
1 verbose cli   'start' ]
2 info using npm@4.1.2
3 info using node@v6.9.4
4 verbose run-script [ 'prestart', 'start', 'poststart' ]
5 info lifecycle mean-stack-hero@1.0.0~prestart: mean-stack-hero@1.0.0
6 silly lifecycle mean-stack-hero@1.0.0~prestart: no script for prestart, continuing
7 info lifecycle mean-stack-hero@1.0.0~start: mean-stack-hero@1.0.0
8 verbose lifecycle mean-stack-hero@1.0.0~start: unsafe-perm in lifecycle true
9 verbose lifecycle mean-stack-hero@1.0.0~start: PATH: C:\Users\surya\AppData\Roaming\npm\node_modules\npm\bin\node-gyp-bin;E:\JDummyS5\mean-stack-hero\node_modules\.bin;"C:\Program Files (x86)\Heroku\ruby-2.1.7\bin";C:\Program Files\Microsoft MPI\Bin\;E:\app\surya\product\11.2.0\dbhome_1\bin;C:\MinGW\bin;C:\MinGW\msys\1.0\bin;C:\ProgramData\Oracle\Java\javapath;C:\WINDOWS\system32;C:\WINDOWS;C:\WINDOWS\System32\Wbem;C:\WINDOWS\System32\WindowsPowerShell\v1.0\;C:\Program Files\Java\jdk1.8.0_65\bin;C:\Program Files (x86)\Skype\Phone\;C:\Program Files\Git\cmd;C:\Program Files\Microsoft SQL Server\110\Tools\Binn\;C:\Program Files (x86)\Heroku\bin;C:\Program Files (x86)\git\cmd;C:\Program Files (x86)\Microsoft SQL Server\130\Tools\Binn\;C:\Program Files\Microsoft SQL Server\130\Tools\Binn\;C:\Program Files (x86)\Microsoft SQL Server\130\DTS\Binn\;C:\Program Files\Microsoft SQL Server\130\DTS\Binn\;C:\Program Files\Microsoft SQL Server\Client SDK\ODBC\130\Tools\Binn\;C:\Program Files (x86)\Microsoft SQL Server\Client SDK\ODBC\130\Tools\Binn\;C:\Program Files (x86)\Microsoft SQL Server\130\Tools\Binn\ManagementStudio\;C:\Program Files\nodejs\;C:\Ruby22-x64\bin;C:\Program Files (x86)\Microsoft VS Code\bin;C:\Users\surya\AppData\Local\Microsoft\WindowsApps;C:\Program Files\Heroku\bin;C:\Users\surya\AppData\Roaming\npm;C:\Program Files (x86)\Git\bin
10 verbose lifecycle mean-stack-hero@1.0.0~start: CWD: E:\JDummyS5\mean-stack-hero
11 silly lifecycle mean-stack-hero@1.0.0~start: Args: [ '/d /s /c', 'node server.js' ]
12 silly lifecycle mean-stack-hero@1.0.0~start: Returned: code: 1  signal: null
13 info lifecycle mean-stack-hero@1.0.0~start: Failed to exec start script
14 verbose stack Error: mean-stack-hero@1.0.0 start: `node server.js`
14 verbose stack Exit status 1
14 verbose stack     at EventEmitter.<anonymous> (C:\Users\surya\AppData\Roaming\npm\node_modules\npm\lib\utils\lifecycle.js:279:16)
14 verbose stack     at emitTwo (events.js:106:13)
14 verbose stack     at EventEmitter.emit (events.js:191:7)
14 verbose stack     at ChildProcess.<anonymous> (C:\Users\surya\AppData\Roaming\npm\node_modules\npm\lib\utils\spawn.js:40:14)
14 verbose stack     at emitTwo (events.js:106:13)
14 verbose stack     at ChildProcess.emit (events.js:191:7)
14 verbose stack     at maybeClose (internal/child_process.js:877:16)
14 verbose stack     at Process.ChildProcess._handle.onexit (internal/child_process.js:226:5)
15 verbose pkgid mean-stack-hero@1.0.0
16 verbose cwd E:\JDummyS5\mean-stack-hero
17 error Windows_NT 10.0.14393
18 error argv "C:\\Program Files\\nodejs\\node.exe" "C:\\Users\\surya\\AppData\\Roaming\\npm\\node_modules\\npm\\bin\\npm-cli.js" "start"
19 error node v6.9.4
20 error npm  v4.1.2
21 error code ELIFECYCLE
22 error mean-stack-hero@1.0.0 start: `node server.js`
22 error Exit status 1
23 error Failed at the mean-stack-hero@1.0.0 start script 'node server.js'.
23 error Make sure you have the latest version of node.js and npm installed.
23 error If you do, this is most likely a problem with the mean-stack-hero package,
23 error not with npm itself.
23 error Tell the author that this fails on your system:
23 error     node server.js
23 error You can get information on how to open an issue for this project with:
23 error     npm bugs mean-stack-hero
23 error Or if that isn't available, you can get their info via:
23 error     npm owner ls mean-stack-hero
23 error There is likely additional logging output above.
24 verbose exit [ 1, true ]
